柯南   http://so.loldytt.com/search.asp?keyword=
11 11 11 http://so.loldytt.com/search.asp?keyword=11
海贼 娴疯醇 娴疯醇 http://so.loldytt.com/search.asp?keyword=娴疯醇
海贼 %BA%A3%D4%F4 http://so.loldytt.com/search.asp?keyword=%BA%A3%D4%F4
金刚狼3 %BD%F0%B8%D5%C0%C73 http://so.loldytt.com/search.asp?keyword=%BD%F0%B8%D5%C0%C73
美人鱼 %C3%C0%C8%CB%D3%E3 http://so.loldytt.com/search.asp?keyword=%C3%C0%C8%CB%D3%E3
海贼 %BA%A3%D4%F4 http://so.loldytt.com/search.asp?keyword=%BA%A3%D4%F4
你的名字 %C4%E3%B5%C4%C3%FB%D7%D6 http://so.loldytt.com/search.asp?keyword=%C4%E3%B5%C4%C3%FB%D7%D6
美人鱼 %C3%C0%C8%CB%D3%E3 http://so.loldytt.com/search.asp?keyword=%C3%C0%C8%CB%D3%E3
你是傻逼 %C4%E3%CA%C7%C9%B5%B1%C6 http://so.loldytt.com/search.asp?keyword=%C4%E3%CA%C7%C9%B5%B1%C6
你是傻逼 %C4%E3%CA%C7%C9%B5%B1%C6 http://so.loldytt.com/search.asp?keyword=%C4%E3%CA%C7%C9%B5%B1%C6
美人鱼 %C3%C0%C8%CB%D3%E3 http://so.loldytt.com/search.asp?keyword=%C3%C0%C8%CB%D3%E3
8 8 http://so.loldytt.com/search.asp?keyword=8
8 8 http://so.loldytt.com/search.asp?keyword=8
  http://so.loldytt.com/search.asp?keyword=
你的名字 %C4%E3%B5%C4%C3%FB%D7%D6 http://so.loldytt.com/search.asp?keyword=%C4%E3%B5%C4%C3%FB%D7%D6
你的名字 %C4%E3%B5%C4%C3%FB%D7%D6 http://so.loldytt.com/search.asp?keyword=%C4%E3%B5%C4%C3%FB%D7%D6
金刚狼 %BD%F0%B8%D5%C0%C7 http://so.loldytt.com/search.asp?keyword=%BD%F0%B8%D5%C0%C7
11 11 http://so.loldytt.com/search.asp?keyword=11
1 1 http://so.loldytt.com/search.asp?keyword=1
123 123 http://so.loldytt.com/search.asp?keyword=123
